1623525386259	geckodriver	INFO	Listening on 127.0.0.1:62132
1623525389305	mozrunner::runner	INFO	Running command: "C:\\Program Files\\Mozilla Firefox\\firefox.exe" "--marionette" "-foreground" "-no-remote" "-profile" "C:\\Users\\NG\\AppData\\Local\\Temp\\rust_mozprofileblU0BZ"
1623525390662	Marionette	INFO	Marionette enabled
console.warn: SearchSettings: "get: No settings file exists, new profile?" (new Error("", "(unknown module)"))
1623525394833	Marionette	INFO	Listening on port 62140
1623525395071	Marionette	WARN	TLS certificate errors will be ignored for this session
1623525413453	Marionette	INFO	Stopped listening on port 62140

###!!! [Child][RunMessage] Error: Channel closing: too late to send/recv, messages will be lost

1623530229328	geckodriver	INFO	Listening on 127.0.0.1:56423
1623530232355	mozrunner::runner	INFO	Running command: "C:\\Program Files\\Mozilla Firefox\\firefox.exe" "--marionette" "-foreground" "-no-remote" "-profile" "C:\\Users\\NG\\AppData\\Local\\Temp\\rust_mozprofileK3mhBV"
1623530233124	Marionette	INFO	Marionette enabled
console.warn: SearchSettings: "get: No settings file exists, new profile?" (new Error("", "(unknown module)"))
1623530236619	Marionette	INFO	Listening on port 56431
1623530237109	Marionette	WARN	TLS certificate errors will be ignored for this session
1623530250929	Marionette	INFO	Stopped listening on port 56431

###!!! [Child][RunMessage] Error: Channel closing: too late to send/recv, messages will be lost

1623530669846	geckodriver	INFO	Listening on 127.0.0.1:55366
1623530672900	mozrunner::runner	INFO	Running command: "C:\\Program Files\\Mozilla Firefox\\firefox.exe" "--marionette" "-foreground" "-no-remote" "-profile" "C:\\Users\\NG\\AppData\\Local\\Temp\\rust_mozprofileUYtpYv"
1623530673503	Marionette	INFO	Marionette enabled
console.warn: SearchSettings: "get: No settings file exists, new profile?" (new Error("", "(unknown module)"))
1623530677005	Marionette	INFO	Listening on port 55374
1623530677051	Marionette	WARN	TLS certificate errors will be ignored for this session
1623530976515	Marionette	INFO	Stopped listening on port 55374

###!!! [Child][RunMessage] Error: Channel closing: too late to send/recv, messages will be lost

"--marionette" "-foreground" "-no-remote" "-profile" "C:\\Users\\NG\\AppData\\Local\\Temp\\rust_mozprofileqpdUl1"
1623530762123	Marionette	INFO	Marionette enabled
console.warn: SearchSettings: "get: No settings file exists, new profile?" (new Error("", "(unknown module)"))
1623530765694	Marionette	INFO	Listening on port 52585
1623530765768	Marionette	WARN	TLS certificate errors will be ignored for this session
1623530975893	Marionette	INFO	Stopped listening on port 52585

###!!! [Child][RunMessage] Error: Channel closing: too late to send/recv, messages will be lost

"--marionette" "-foreground" "-no-remote" "-profile" "C:\\Users\\NG\\AppData\\Local\\Temp\\rust_mozprofileyoc6Ty"
1623530908451	Marionette	INFO	Marionette enabled
console.warn: SearchSettings: "get: No settings file exists, new profile?" (new Error("", "(unknown module)"))
1623530912230	Marionette	INFO	Listening on port 65026
1623530912585	Marionette	WARN	TLS certificate errors will be ignored for this session
1623530975090	Marionette	INFO	Stopped listening on port 65026

###!!! [Child][RunMessage] Error: Channel closing: too late to send/recv, messages will be lost

1623545853138	geckodriver	INFO	Listening on 127.0.0.1:49924
1623545856173	mozrunner::runner	INFO	Running command: "C:\\Program Files\\Mozilla Firefox\\firefox.exe" "--marionette" "-foreground" "-no-remote" "-profile" "C:\\Users\\NG\\AppData\\Local\\Temp\\rust_mozprofilexb31PA"
1623545856813	Marionette	INFO	Marionette enabled
console.warn: SearchSettings: "get: No settings file exists, new profile?" (new Error("", "(unknown module)"))
1623545860433	Marionette	INFO	Listening on port 49934
1623545860928	Marionette	WARN	TLS certificate errors will be ignored for this session
1623545958652	Marionette	INFO	Stopped listening on port 49934

###!!! [Child][RunMessage] Error: Channel closing: too late to send/recv, messages will be lost

"--marionette" "-foreground" "-no-remote" "-profile" "C:\\Users\\NG\\AppData\\Local\\Temp\\rust_mozprofile0q02H2"
1623545943966	Marionette	INFO	Marionette enabled
console.warn: SearchSettings: "get: No settings file exists, new profile?" (new Error("", "(unknown module)"))
1623545947311	Marionette	INFO	Listening on port 57285
1623545947493	Marionette	WARN	TLS certificate errors will be ignored for this session
1623545957923	Marionette	INFO	Stopped listening on port 57285

###!!! [Child][RunMessage] Error: Channel closing: too late to send/recv, messages will be lost

1623546026278	geckodriver	INFO	Listening on 127.0.0.1:62255
1623546029351	mozrunner::runner	INFO	Running command: "C:\\Program Files\\Mozilla Firefox\\firefox.exe" "--marionette" "-foreground" "-no-remote" "-profile" "C:\\Users\\NG\\AppData\\Local\\Temp\\rust_mozprofileJ5kGlH"
1623546029961	Marionette	INFO	Marionette enabled
console.warn: SearchSettings: "get: No settings file exists, new profile?" (new Error("", "(unknown module)"))
1623546033255	Marionette	INFO	Listening on port 62263
1623546033492	Marionette	WARN	TLS certificate errors will be ignored for this session
1623546067784	Marionette	INFO	Stopped listening on port 62263

###!!! [Child][RunMessage] Error: Channel closing: too late to send/recv, messages will be lost

1623546072637	geckodriver	INFO	Listening on 127.0.0.1:60048
1623546075691	mozrunner::runner	INFO	Running command: "C:\\Program Files\\Mozilla Firefox\\firefox.exe" "--marionette" "-foreground" "-no-remote" "-profile" "C:\\Users\\NG\\AppData\\Local\\Temp\\rust_mozprofileQCEelb"
1623546076292	Marionette	INFO	Marionette enabled
console.warn: SearchSettings: "get: No settings file exists, new profile?" (new Error("", "(unknown module)"))
1623546079756	Marionette	INFO	Listening on port 60056
1623546079850	Marionette	WARN	TLS certificate errors will be ignored for this session
1623546086203	Marionette	INFO	Stopped listening on port 60056

###!!! [Child][RunMessage] Error: Channel closing: too late to send/recv, messages will be lost

1623546189687	geckodriver	INFO	Listening on 127.0.0.1:60787
1623546192740	mozrunner::runner	INFO	Running command: "C:\\Program Files\\Mozilla Firefox\\firefox.exe" "--marionette" "-foreground" "-no-remote" "-profile" "C:\\Users\\NG\\AppData\\Local\\Temp\\rust_mozprofile8mDuVn"
1623546193384	Marionette	INFO	Marionette enabled
console.warn: SearchSettings: "get: No settings file exists, new profile?" (new Error("", "(unknown module)"))
1623546196776	Marionette	INFO	Listening on port 60796
1623546196901	Marionette	WARN	TLS certificate errors will be ignored for this session
1623546312764	Marionette	INFO	Stopped listening on port 60796

###!!! [Child][RunMessage] Error: Channel closing: too late to send/recv, messages will be lost

"--marionette" "-foreground" "-no-remote" "-profile" "C:\\Users\\NG\\AppData\\Local\\Temp\\rust_mozprofilegfg80B"
1623546235510	Marionette	INFO	Marionette enabled
console.warn: SearchSettings: "get: No settings file exists, new profile?" (new Error("", "(unknown module)"))
1623546238971	Marionette	INFO	Listening on port 60880
1623546239040	Marionette	WARN	TLS certificate errors will be ignored for this session
1623546315305	Marionette	INFO	Stopped listening on port 60880

###!!! [Child][RunMessage] Error: Channel closing: too late to send/recv, messages will be lost

"--marionette" "-foreground" "-no-remote" "-profile" "C:\\Users\\NG\\AppData\\Local\\Temp\\rust_mozprofile6YJUiM"
1623546277288	Marionette	INFO	Marionette enabled
console.warn: SearchSettings: "get: No settings file exists, new profile?" (new Error("", "(unknown module)"))
1623546280877	Marionette	INFO	Listening on port 62393
1623546280947	Marionette	WARN	TLS certificate errors will be ignored for this session
1623546314482	Marionette	INFO	Stopped listening on port 62393

###!!! [Child][RunMessage] Error: Channel closing: too late to send/recv, messages will be lost

1623546315457	geckodriver	INFO	Listening on 127.0.0.1:62467
1623546318470	mozrunner::runner	INFO	Running command: "C:\\Program Files\\Mozilla Firefox\\firefox.exe" "--marionette" "-foreground" "-no-remote" "-profile" "C:\\Users\\NG\\AppData\\Local\\Temp\\rust_mozprofileUmdb4U"
1623546319149	Marionette	INFO	Marionette enabled
console.warn: SearchSettings: "get: No settings file exists, new profile?" (new Error("", "(unknown module)"))
1623546323546	Marionette	INFO	Listening on port 62475
1623546324371	Marionette	INFO	Stopped listening on port 62475
1623546435857	geckodriver	INFO	Listening on 127.0.0.1:51346
1623546438899	mozrunner::runner	INFO	Running command: "C:\\Program Files\\Mozilla Firefox\\firefox.exe" "--marionette" "-foreground" "-no-remote" "-profile" "C:\\Users\\NG\\AppData\\Local\\Temp\\rust_mozprofile18GXOw"
1623546439531	Marionette	INFO	Marionette enabled
console.warn: SearchSettings: "get: No settings file exists, new profile?" (new Error("", "(unknown module)"))
1623546443276	Marionette	INFO	Listening on port 63155
1623546443659	Marionette	WARN	TLS certificate errors will be ignored for this session
1623546467292	Marionette	INFO	Stopped listening on port 63155

###!!! [Child][RunMessage] Error: Channel closing: too late to send/recv, messages will be lost

1623547242589	geckodriver	INFO	Listening on 127.0.0.1:60750
1623547245635	mozrunner::runner	INFO	Running command: "C:\\Program Files\\Mozilla Firefox\\firefox.exe" "--marionette" "-foreground" "-no-remote" "-profile" "C:\\Users\\NG\\AppData\\Local\\Temp\\rust_mozprofileIeBOxb"
1623547246268	Marionette	INFO	Marionette enabled
console.warn: SearchSettings: "get: No settings file exists, new profile?" (new Error("", "(unknown module)"))
1623547249409	Marionette	INFO	Listening on port 60764
1623547249795	Marionette	WARN	TLS certificate errors will be ignored for this session
1623547258274	Marionette	INFO	Stopped listening on port 60764

###!!! [Child][RunMessage] Error: Channel closing: too late to send/recv, messages will be lost

1623547277712	geckodriver	INFO	Listening on 127.0.0.1:49616
1623547280758	mozrunner::runner	INFO	Running command: "C:\\Program Files\\Mozilla Firefox\\firefox.exe" "--marionette" "-foreground" "-no-remote" "-profile" "C:\\Users\\NG\\AppData\\Local\\Temp\\rust_mozprofilefgBDTZ"
1623547281353	Marionette	INFO	Marionette enabled
console.warn: SearchSettings: "get: No settings file exists, new profile?" (new Error("", "(unknown module)"))
1623547284709	Marionette	INFO	Listening on port 49624
1623547284905	Marionette	WARN	TLS certificate errors will be ignored for this session
1623547470109	Marionette	INFO	Stopped listening on port 49624

###!!! [Child][RunMessage] Error: Channel closing: too late to send/recv, messages will be lost

"--marionette" "-foreground" "-no-remote" "-profile" "C:\\Users\\NG\\AppData\\Local\\Temp\\rust_mozprofileaYOT7C"
1623547320513	Marionette	INFO	Marionette enabled
console.warn: SearchSettings: "get: No settings file exists, new profile?" (new Error("", "(unknown module)"))
1623547325268	Marionette	INFO	Listening on port 49763
1623547470580	Marionette	INFO	Stopped listening on port 49763

###!!! [Child][RunMessage] Error: Channel closing: too late to send/recv, messages will be lost

"--marionette" "-foreground" "-no-remote" "-profile" "C:\\Users\\NG\\AppData\\Local\\Temp\\rust_mozprofileQdqFeQ"
1623547331976	Marionette	INFO	Marionette enabled
console.warn: SearchSettings: "get: No settings file exists, new profile?" (new Error("", "(unknown module)"))
1623547336225	Marionette	INFO	Listening on port 49821
1623547336777	Marionette	WARN	TLS certificate errors will be ignored for this session
1623547469572	Marionette	INFO	Stopped listening on port 49821

###!!! [Child][RunMessage] Error: Channel closing: too late to send/recv, messages will be lost

"--marionette" "-foreground" "-no-remote" "-profile" "C:\\Users\\NG\\AppData\\Local\\Temp\\rust_mozprofileqHgQ5y"
1623547440224	Marionette	INFO	Marionette enabled
console.warn: SearchSettings: "get: No settings file exists, new profile?" (new Error("", "(unknown module)"))
1623547443874	Marionette	INFO	Listening on port 53916
1623547444374	Marionette	WARN	TLS certificate errors will be ignored for this session

###!!! [Parent][MessageChannel] Error: (msgtype=0x1F0011,name=PBackgroundStorage::Msg_Observe) Channel error: cannot send/recv


###!!! [Parent][MessageChannel] Error: (msgtype=0x1F0011,name=PBackgroundStorage::Msg_Observe) Channel error: cannot send/recv

1623547452852	Marionette	INFO	Stopped listening on port 53916
1623547473702	geckodriver	INFO	Listening on 127.0.0.1:53991
1623547476751	mozrunner::runner	INFO	Running command: "C:\\Program Files\\Mozilla Firefox\\firefox.exe" "--marionette" "-foreground" "-no-remote" "-profile" "C:\\Users\\NG\\AppData\\Local\\Temp\\rust_mozprofiles80ww1"
1623547477359	Marionette	INFO	Marionette enabled
console.warn: SearchSettings: "get: No settings file exists, new profile?" (new Error("", "(unknown module)"))
1623547480756	Marionette	INFO	Listening on port 54000
1623547480904	Marionette	WARN	TLS certificate errors will be ignored for this session
1623547523287	Marionette	INFO	Stopped listening on port 54000

###!!! [Child][RunMessage] Error: Channel closing: too late to send/recv, messages will be lost

"--marionette" "-foreground" "-no-remote" "-profile" "C:\\Users\\NG\\AppData\\Local\\Temp\\rust_mozprofileMMcPZp"
1623547516549	Marionette	INFO	Marionette enabled
console.warn: SearchSettings: "get: No settings file exists, new profile?" (new Error("", "(unknown module)"))
1623547520019	Marionette	INFO	Listening on port 54077
1623547520103	Marionette	WARN	TLS certificate errors will be ignored for this session
1623547523939	Marionette	INFO	Stopped listening on port 54077

###!!! [Child][RunMessage] Error: Channel closing: too late to send/recv, messages will be lost

1623597012384	geckodriver	INFO	Listening on 127.0.0.1:62681
1623597015437	mozrunner::runner	INFO	Running command: "C:\\Program Files\\Mozilla Firefox\\firefox.exe" "--marionette" "-foreground" "-no-remote" "-profile" "C:\\Users\\NG\\AppData\\Local\\Temp\\rust_mozprofileNTNTnu"
1623597047641	geckodriver	INFO	Listening on 127.0.0.1:51128
1623597050642	mozrunner::runner	INFO	Running command: "C:\\Program Files\\Mozilla Firefox\\firefox.exe" "--marionette" "-foreground" "-no-remote" "-profile" "C:\\Users\\NG\\AppData\\Local\\Temp\\rust_mozprofileBUfQFN"
1623597051422	Marionette	INFO	Marionette enabled
console.warn: SearchSettings: "get: No settings file exists, new profile?" (new NotFoundError("Could not open the file at C:\\Users\\NG\\AppData\\Local\\Temp\\rust_mozprofileBUfQFN\\search.json.mozlz4", (void 0)))
1623597055576	Marionette	INFO	Listening on port 51137
1623597055890	Marionette	WARN	TLS certificate errors will be ignored for this session
1623597065802	Marionette	INFO	Stopped listening on port 51137
1623597087970	geckodriver	INFO	Listening on 127.0.0.1:51207
1623597091060	mozrunner::runner	INFO	Running command: "C:\\Program Files\\Mozilla Firefox\\firefox.exe" "--marionette" "-foreground" "-no-remote" "-profile" "C:\\Users\\NG\\AppData\\Local\\Temp\\rust_mozprofiley5hifb"
1623597091849	Marionette	INFO	Marionette enabled
console.warn: SearchSettings: "get: No settings file exists, new profile?" (new NotFoundError("Could not open the file at C:\\Users\\NG\\AppData\\Local\\Temp\\rust_mozprofiley5hifb\\search.json.mozlz4", (void 0)))
1623597095778	Marionette	INFO	Listening on port 57685
1623597095835	Marionette	WARN	TLS certificate errors will be ignored for this session
1623597096535	Marionette	INFO	Stopped listening on port 57685
1623623368278	geckodriver	INFO	Listening on 127.0.0.1:54603
1623623371370	mozrunner::runner	INFO	Running command: "C:\\Program Files\\Mozilla Firefox\\firefox.exe" "--marionette" "-foreground" "-no-remote" "-profile" "C:\\Users\\NG\\AppData\\Local\\Temp\\rust_mozprofileEsoO0p"
1623623372651	Marionette	INFO	Marionette enabled
console.warn: SearchSettings: "get: No settings file exists, new profile?" (new NotFoundError("Could not open the file at C:\\Users\\NG\\AppData\\Local\\Temp\\rust_mozprofileEsoO0p\\search.json.mozlz4", (void 0)))
1623623376300	Marionette	INFO	Listening on port 54611
1623623376657	Marionette	WARN	TLS certificate errors will be ignored for this session
1623623423730	Marionette	INFO	Stopped listening on port 54611
1623647822507	geckodriver	INFO	Listening on 127.0.0.1:53733
1623647825477	mozrunner::runner	INFO	Running command: "C:\\Program Files\\Mozilla Firefox\\firefox.exe" "--marionette" "-foreground" "-no-remote" "-profile" "C:\\Users\\NG\\AppData\\Local\\Temp\\rust_mozprofilempL0zP"
1623647826352	Marionette	INFO	Marionette enabled
console.warn: SearchSettings: "get: No settings file exists, new profile?" (new NotFoundError("Could not open the file at C:\\Users\\NG\\AppData\\Local\\Temp\\rust_mozprofilempL0zP\\search.json.mozlz4", (void 0)))
1623647830676	Marionette	INFO	Listening on port 53742
1623647830729	Marionette	WARN	TLS certificate errors will be ignored for this session
1623647856598	Marionette	INFO	Stopped listening on port 53742
